201|root|ZA|||||
3100001|westerncape|ZA|-33.2277918|21.8568586|Africa/Johannesburg|2|2
3100002|kwazulu_natal|ZA|-28.5305539|30.8958242|Africa/Johannesburg|2|2
3100003|gauteng|ZA|-26.2707593|28.1122679|Africa/Johannesburg|2|2
3100197|easterncape|ZA|-32.2968402|26.419389|Africa/Johannesburg|2|2
3100213|northerncape|ZA|-29.0466808|21.8568586|Africa/Johannesburg|2|2
3100223|limpopo|ZA|-23.4012946|29.4179324|Africa/Johannesburg|2|2
3100227|mpumalanga|ZA|-25.565336|30.5279096|Africa/Johannesburg|2|2
3100231|northwest|ZA|-26.6638599|25.2837585|Africa/Johannesburg|2|2
3100236|freestate|ZA|-28.4541105|26.7967849|Africa/Johannesburg|2|2
3100199|amatola|ZA|-32.5841968|27.3616476|Africa/Johannesburg|2|2
3100201|western_region|ZA|-33.9020287|18.6318151|Africa/Johannesburg|2|2
3100203|wild_coast_berg|ZA|||||
3100299|bhisho|ZA|-32.849444|27.438056|Africa/Johannesburg|2|2
3100300|east_london|ZA|-32.983333|27.866667|Africa/Johannesburg|2|2
3100301|jeffreys_bay|ZA|-34.033333|24.916667|Africa/Johannesburg|2|2
3100302|mdantsane|ZA|-32.95|27.766667|Africa/Johannesburg|2|2
3100303|queenstown|ZA|-31.9|26.883333|Africa/Johannesburg|2|2
3100306|port_elizabeth|ZA|-33.958056|25.6|Africa/Johannesburg|2|2
3100470|cradock|ZA|-32.183333|25.616667|Africa/Johannesburg|2|2
3100471|grahamstown|ZA|-33.3|26.533333|Africa/Johannesburg|2|2
3100472|uitenhage|ZA|-33.766667|25.4|Africa/Johannesburg|2|2
3100473|umtata_mthatha_|ZA|-31.6066839|28.7780987|Africa/Johannesburg|2|2
3100474|coffee_bay|ZA|-31.9849029|29.1492404|Africa/Johannesburg|2|2
3100475|port_st_johns|ZA|-31.6288|29.5369|Africa/Johannesburg|2|2
3100476|willowvale|ZA|-32.266|28.516|Africa/Johannesburg|2|2
3100604|other|ZA|-23.613148|31.0908329|Africa/Johannesburg|2|2
3100610|aliwal_north|ZA|-30.7|26.7|Africa/Johannesburg|2|2
3100611|adelaide|ZA|-32.7071454|26.2952385|Africa/Johannesburg|2|2
3100612|alice|ZA|-32.7901325|26.8329509|Africa/Johannesburg|2|2
3100613|barkly_east|ZA|-30.968056|27.593333|Africa/Johannesburg|2|2
3100614|bizana|ZA|-30.851|29.838|Africa/Johannesburg|2|2
3100615|burgersdorp|ZA|-30.992222|26.324722|Africa/Johannesburg|2|2
3100616|butterworth|ZA|-32.3323496|28.1446262|Africa/Johannesburg|2|2
3100617|elliot|ZA|-31.333333|27.85|Africa/Johannesburg|2|2
3100618|flagstaff|ZA|35.1982836|-111.651302|America/Phoenix|-7|-7
3100619|fort_beaufort|ZA|-32.783333|26.633333|Africa/Johannesburg|2|2
3100620|graaff_reinet|ZA|-32.252222|24.540556|Africa/Johannesburg|2|2
3100621|jansenville|ZA|-32.933333|24.666667|Africa/Johannesburg|2|2
3100622|kareedouw|ZA|-33.9620052|24.2925424|Africa/Johannesburg|2|2
3100623|kirkwood|ZA|-33.3990758|25.4431597|Africa/Johannesburg|2|2
3100624|middelburg|ZA|-31.506809|25.017521|Africa/Johannesburg|2|2
3100625|port_alfred|ZA|-33.6|26.883333|Africa/Johannesburg|2|2
3100626|somerset_east|ZA|-32.716667|25.583333|Africa/Johannesburg|2|2
3100627|stutterheim|ZA|-32.566667|27.416667|Africa/Johannesburg|2|2
3100628|willowmore|ZA|-33.283333|23.483333|Africa/Johannesburg|2|2
3100455|eastern|ZA|-33.9320869|18.44174|Africa/Johannesburg|2|2
3100456|bethlehem|ZA|-28.233333|28.3|Africa/Johannesburg|2|2
3100457|harrismith|ZA|-28.283333|29.133333|Africa/Johannesburg|2|2
3100458|senekal|ZA|-28.316667|27.6|Africa/Johannesburg|2|2
3100459|southern|ZA|-24.8334603|29.9740534|Africa/Johannesburg|2|2
3100460|bloemfontein|ZA|-29.116667|26.216667|Africa/Johannesburg|2|2
3100461|springfontein|ZA|-30.253889|25.703889|Africa/Johannesburg|2|2
3100462|thaba_nchu|ZA|-29.2|26.833333|Africa/Johannesburg|2|2
3100463|northern|ZA|-29.0466808|21.8568586|Africa/Johannesburg|2|2
3100464|kroonstad|ZA|-27.65|27.233333|Africa/Johannesburg|2|2
3100465|parys|ZA|-26.9|27.45|Africa/Johannesburg|2|2
3100466|sasolburg|ZA|-26.8101899|27.8277254|Africa/Johannesburg|2|2
3100467|goldfields|ZA|-28.1025893|26.8686766|Africa/Johannesburg|2|2
3100468|virginia|ZA|-28.1063858|26.8556955|Africa/Johannesburg|2|2
3100469|welkom|ZA|-27.983056|26.720833|Africa/Johannesburg|2|2
3100606|other|ZA|-23.613148|31.0908329|Africa/Johannesburg|2|2
3100629|botshabelo|ZA|-29.233056|26.733056|Africa/Johannesburg|2|2
3100630|brandfort|ZA|-28.7|26.466667|Africa/Johannesburg|2|2
3100631|clocolan|ZA|-28.9|27.566667|Africa/Johannesburg|2|2
3100632|deneysville|ZA|-26.895|28.098333|Africa/Johannesburg|2|2
3100633|frankfort|ZA|-27.283333|28.516667|Africa/Johannesburg|2|2
3100634|heilbron|ZA|-27.283611|27.970833|Africa/Johannesburg|2|2
3100635|hennenman|ZA|-27.9783916|27.026445|Africa/Johannesburg|2|2
3100636|hoopstad|ZA|-27.833333|25.916667|Africa/Johannesburg|2|2
3100637|koffiefontein|ZA|-29.408056|25.002222|Africa/Johannesburg|2|2
3100638|koppies|ZA|-27.233333|27.583333|Africa/Johannesburg|2|2
3100639|ladybrand|ZA|-29.2|27.45|Africa/Johannesburg|2|2
3100640|phuthaditjhaba|ZA|-28.533333|28.816667|Africa/Johannesburg|2|2
3100641|reitz|ZA|-27.8009575|28.4318311|Africa/Johannesburg|2|2
3100642|theunissen|ZA|-28.4019346|26.7100581|Africa/Johannesburg|2|2
3100643|viljoenskroon|ZA|-27.216667|26.95|Africa/Johannesburg|2|2
3100644|vrede|ZA|-27.43|29.16|Africa/Johannesburg|2|2
3100645|vredefort|ZA|-27.0007882|27.3733989|Africa/Johannesburg|2|2
3100646|wesselsbron|ZA|-27.85|26.366667|Africa/Johannesburg|2|2
3100647|winburg|ZA|-28.533333|27.016667|Africa/Johannesburg|2|2
3100695|bultfontein|ZA|-28.286944|26.150556|Africa/Johannesburg|2|2
3100090|johannesburg|ZA|-26.2041028|28.0473051|Africa/Johannesburg|2|2
3100094|pretoria_tshwane|ZA|-25.746111|28.188056|Africa/Johannesburg|2|2
3100095|sedibeng|ZA|-26.6833196|28.2058768|Africa/Johannesburg|2|2
3100250|east_rand|ZA|-26.1777025|28.3461948|Africa/Johannesburg|2|2
3100251|west_rand|ZA|-26.3213939|27.4556388|Africa/Johannesburg|2|2
3100368|alberton|ZA|-26.267222|28.121944|Africa/Johannesburg|2|2
3100369|bedfordview|ZA|-26.179444|28.136111|Africa/Johannesburg|2|2
3100370|benoni|ZA|-26.188333|28.320556|Africa/Johannesburg|2|2
3100371|boksburg|ZA|-26.2125|28.2625|Africa/Johannesburg|2|2
3100372|brakpan|ZA|-26.235278|28.37|Africa/Johannesburg|2|2
3100373|edenvale|ZA|-26.141111|28.152778|Africa/Johannesburg|2|2
3100374|germiston|ZA|-26.217778|28.167222|Africa/Johannesburg|2|2
3100375|kempton_park|ZA|-26.1|28.233333|Africa/Johannesburg|2|2
3100376|springs|ZA|-26.254722|28.442778|Africa/Johannesburg|2|2
3100377|tembisa|ZA|-26.0063121|28.2108827|Africa/Johannesburg|2|2
3100564|other|ZA|-23.613148|31.0908329|Africa/Johannesburg|2|2
3100103|johannesburg_south|ZA|-26.2738662|27.9951862|Africa/Johannesburg|2|2
3100104|soweto|ZA|-26.2485377|27.8540323|Africa/Johannesburg|2|2
3100105|inner_city|ZA|-25.7368696|28.1989716|Africa/Johannesburg|2|2
3100106|randburg|ZA|-26.093611|28.006389|Africa/Johannesburg|2|2
3100107|roodepoort|ZA|-26.1625|27.8725|Africa/Johannesburg|2|2
3100108|sandton|ZA|-26.1075663|28.0567007|Africa/Johannesburg|2|2
3100334|alexandra|ZA|-26.103833|28.096167|Africa/Johannesburg|2|2
3100335|bryanston|ZA|-26.048611|28.033889|Africa/Johannesburg|2|2
3100336|constantia_kloof|ZA|-26.145278|27.911667|Africa/Johannesburg|2|2
3100337|diepkloof|ZA|-26.249|27.946|Africa/Johannesburg|2|2
3100338|diepsloot|ZA|-25.934722|28.0125|Africa/Johannesburg|2|2
3100339|dobsonville|ZA|-26.223889|27.863611|Africa/Johannesburg|2|2
3100340|douglasdale|ZA|-26.0387658|27.9922582|Africa/Johannesburg|2|2
3100341|emmarentia|ZA|-26.1651431|28.0098257|Africa/Johannesburg|2|2
3100342|ennerdale|ZA|-26.409722|27.836944|Africa/Johannesburg|2|2
3100343|fourways|ZA|-26.0254685|28.00397|Africa/Johannesburg|2|2
3100344|greenside|ZA|-26.1530743|28.0156811|Africa/Johannesburg|2|2
3100345|ivory_park|ZA|-25.999|28.196|Africa/Johannesburg|2|2
3100346|johannesburg_cbd|ZA|-26.2041028|28.0473051|Africa/Johannesburg|2|2
3100347|katlehong|ZA|-26.3651259|28.1526196|Africa/Johannesburg|2|2
3100348|lanseria|ZA|-25.9400168|27.9263647|Africa/Johannesburg|2|2
3100349|lenasia|ZA|-26.316944|27.827778|Africa/Johannesburg|2|2
3100350|meadowlands|ZA|-26.2026186|27.8765626|Africa/Johannesburg|2|2
3100351|melville|ZA|-26.1749328|28.0083618|Africa/Johannesburg|2|2
3100353|midrand|ZA|-25.9991795|28.1262927|Africa/Johannesburg|2|2
3100354|northgate|ZA|-26.060474|27.9468675|Africa/Johannesburg|2|2
3100355|northcliff|ZA|-26.146111|27.97|Africa/Johannesburg|2|2
3100356|rosebank|ZA|-26.1437708|28.0405646|Africa/Johannesburg|2|2
3100359|parktown|ZA|-26.1806445|28.0391009|Africa/Johannesburg|2|2
3100360|protea_glen|ZA|-26.2725849|27.812466|Africa/Johannesburg|2|2
3100361|southgate|ZA|-26.2666433|27.9812776|Africa/Johannesburg|2|2
3100362|sunninghill|ZA|-26.0323925|28.0742249|Africa/Johannesburg|2|2
3100363|walkerville|ZA|-26.4200117|27.957118|Africa/Johannesburg|2|2
3100364|woodmead|ZA|-26.0474148|28.0800782|Africa/Johannesburg|2|2
3100562|other|ZA|-23.613148|31.0908329|Africa/Johannesburg|2|2
3100131|city_centre|ZA|52.5188538|6.0998824|Europe/Amsterdam|2|1
3100133|brooklyn|ZA|-25.770117|28.23657|Africa/Johannesburg|2|2
3100134|hatfield|ZA|-25.7487333|28.2380432|Africa/Johannesburg|2|2
3100135|sunnyside|ZA|-25.754875|28.2088013|Africa/Johannesburg|2|2
3100247|centurion|ZA|-25.860278|28.189444|Africa/Johannesburg|2|2
3100248|northern_pretoria|ZA|-25.6762953|28.1613178|Africa/Johannesburg|2|2
3100249|eastern_pretoria|ZA|-24.55|30.4|Africa/Johannesburg|2|2
3100257|bronkhorstspruit|ZA|-25.805|28.746389|Africa/Johannesburg|2|2
3100365|arcadia|ZA|-25.746|28.221|Africa/Johannesburg|2|2
3100366|mamelodi|ZA|-25.7234441|28.4221519|Africa/Johannesburg|2|2
3100367|menlyn_park|ZA|-25.782058|28.274066|Africa/Johannesburg|2|2
3100563|other|ZA|-23.613148|31.0908329|Africa/Johannesburg|2|2
3100694|garankuwa|ZA|-25.5881952|28.0068979|Africa/Johannesburg|2|2
3100378|evaton|ZA|-26.5275|27.846667|Africa/Johannesburg|2|2
3100379|heidelberg|ZA|-34.083333|20.95|Africa/Johannesburg|2|2
3100380|vanderbijlpark|ZA|-26.699167|27.835556|Africa/Johannesburg|2|2
3100381|vereeniging|ZA|-26.673611|27.931944|Africa/Johannesburg|2|2
3100565|other|ZA|-23.613148|31.0908329|Africa/Johannesburg|2|2
3100592|orange_farm|ZA|-26.465|27.857|Africa/Johannesburg|2|2
3100593|meyerton|ZA|-26.5583|28.0197|Africa/Johannesburg|2|2
3100382|carletonville|ZA|-26.358056|27.398056|Africa/Johannesburg|2|2
3100383|kagiso|ZA|-26.1629979|27.7871774|Africa/Johannesburg|2|2
3100384|krugersdorp|ZA|-26.1|27.766667|Africa/Johannesburg|2|2
3100385|randfontein|ZA|-26.179722|27.704167|Africa/Johannesburg|2|2
3100386|westonaria|ZA|-26.3142974|27.6480347|Africa/Johannesburg|2|2
3100566|other|ZA|-23.613148|31.0908329|Africa/Johannesburg|2|2
3100149|durban_city|ZA|-29.8586804|31.0218404|Africa/Johannesburg|2|2
3100158|north_suburbs|ZA|-33.9543729|18.474269|Africa/Johannesburg|2|2
3100166|south_suburbs|ZA|-34.015004|18.4762649|Africa/Johannesburg|2|2
3100172|west_suburbs|ZA|-33.9972901|18.4513438|Africa/Johannesburg|2|2
3100181|north_coast|ZA|-29.7094975|31.0371309|Africa/Johannesburg|2|2
3100182|south_coast|ZA|-29.9279168|30.9704187|Africa/Johannesburg|2|2
3100184|midlands|ZA|-28.6719718|24.7307845|Africa/Johannesburg|2|2
3100185|drakensberg|ZA|-28.3818213|30.1690836|Africa/Johannesburg|2|2
3100267|ladysmith|ZA|-28.5596713|29.780789|Africa/Johannesburg|2|2
3100268|newcastle|ZA|-27.744167|29.937222|Africa/Johannesburg|2|2
3100269|dundee|ZA|-28.1649792|30.2343141|Africa/Johannesburg|2|2
3100270|zululand|ZA|-27.8872252|31.4456179|Africa/Johannesburg|2|2
3100453|ulundi|ZA|-28.316667|31.416667|Africa/Johannesburg|2|2
3100454|vryheid|ZA|-27.766944|30.8|Africa/Johannesburg|2|2
3100554|other|ZA|-23.613148|31.0908329|Africa/Johannesburg|2|2
3100150|city_centre|ZA|52.5188538|6.0998824|Europe/Amsterdam|2|1
3100151|golden_mile|ZA|-32.7247822|17.9561464|Africa/Johannesburg|2|2
3100152|greyville|ZA|-29.8475714|31.0148742|Africa/Johannesburg|2|2
3100153|berea|ZA|-29.8518472|30.9933678|Africa/Johannesburg|2|2
3100155|harbour|ZA|-29.8723388|31.0249093|Africa/Johannesburg|2|2
3100156|morningside|ZA|-26.0781999|28.0625177|Africa/Johannesburg|2|2
3100421|chatsworth|ZA|-29.9270238|30.8843434|Africa/Johannesburg|2|2
3100424|inanda|ZA|-29.683333|30.933333|Africa/Johannesburg|2|2
3100425|kwamashu|ZA|-29.75|30.983333|Africa/Johannesburg|2|2
3100426|phoenix|ZA|33.4483771|-112.0740373|America/Phoenix|-7|-7
3100428|umlazi|ZA|-29.966667|30.883333|Africa/Johannesburg|2|2
3100542|other|ZA|-23.613148|31.0908329|Africa/Johannesburg|2|2
3100447|estcourt|ZA|-29|29.883333|Africa/Johannesburg|2|2
3100448|greytown|ZA|-29.066667|30.583333|Africa/Johannesburg|2|2
3100449|howick|ZA|-29.4892951|30.2166519|Africa/Johannesburg|2|2
3100450|kokstad|ZA|-30.553889|29.426944|Africa/Johannesburg|2|2
3100451|pietermaritzburg|ZA|-29.6006068|30.3794118|Africa/Johannesburg|2|2
3100452|richmond|ZA|-29.87479|30.277399|Africa/Johannesburg|2|2
3100553|other|ZA|-23.613148|31.0908329|Africa/Johannesburg|2|2
3100271|dolphin_coast|ZA|-29.533333|31.216667|Africa/Johannesburg|2|2
3100272|umkhanyakude|ZA|-27.2718576|32.5372741|Africa/Johannesburg|2|2
3100273|uthungulu|ZA|-28.6191756|31.5370003|Africa/Johannesburg|2|2
3100437|ballitoville|ZA|-29.533333|31.216667|Africa/Johannesburg|2|2
3100438|empangeni|ZA|-28.75|31.9|Africa/Johannesburg|2|2
3100439|eshowe|ZA|-28.888333|31.448333|Africa/Johannesburg|2|2
3100440|richards_bay|ZA|-28.7807276|32.0382856|Africa/Johannesburg|2|2
3100441|stanger|ZA|-29.3669655|31.2660004|Africa/Johannesburg|2|2
3100551|other|ZA|-23.613148|31.0908329|Africa/Johannesburg|2|2
3100159|durban_north|ZA|-29.8|31.033333|Africa/Johannesburg|2|2
3100162|mount_edgecombe|ZA|-29.721|31.05|Africa/Johannesburg|2|2
3100163|umdloti_beach|ZA|-29.666927|31.1180517|Africa/Johannesburg|2|2
3100164|umhlanga|ZA|-29.725278|31.085833|Africa/Johannesburg|2|2
3100429|tongaat|ZA|-29.566667|31.116667|Africa/Johannesburg|2|2
3100430|verulam|ZA|-29.65|31.05|Africa/Johannesburg|2|2
3100548|other|ZA|-23.613148|31.0908329|Africa/Johannesburg|2|2
3100264|hibiscus_coast|ZA|-30.734978|30.449115|Africa/Johannesburg|2|2
3100265|umdoni|ZA|-30.9166667|30.1666667|Africa/Johannesburg|2|2
3100442|margate|ZA|-30.85|30.366667|Africa/Johannesburg|2|2
3100443|port_shepstone|ZA|-30.75|30.45|Africa/Johannesburg|2|2
3100444|port_edward|ZA|-31.05|30.216667|Africa/Johannesburg|2|2
3100445|scottburgh|ZA|-30.3216098|30.6890055|Africa/Johannesburg|2|2
3100446|umzumbe|ZA|-30.4848267|30.2974199|Africa/Johannesburg|2|2
3100552|other|ZA|-23.613148|31.0908329|Africa/Johannesburg|2|2
3100170|isipingo_beach|ZA|-29.999722|30.945|Africa/Johannesburg|2|2
3100262|amanzimtoti|ZA|-30.05|30.883333|Africa/Johannesburg|2|2
3100431|kingsborough|ZA|-30.05678|30.882059|Africa/Johannesburg|2|2
3100432|south_beach|ZA|-29.858933|31.0363768|Africa/Johannesburg|2|2
3100433|umkomaas|ZA|-30.201|30.794|Africa/Johannesburg|2|2
3100537|glenwood|ZA|-29.870843|30.9905|Africa/Johannesburg|2|2
3100538|glenmore|ZA|-29.8769811|30.9718576|Africa/Johannesburg|2|2
3100549|other|ZA|-23.613148|31.0908329|Africa/Johannesburg|2|2
3100591|bluff|ZA|-29.9218618|31.0048384|Africa/Johannesburg|2|2
3100174|gillitts|ZA|-29.797222|30.794444|Africa/Johannesburg|2|2
3100175|hillcrest|ZA|-29.78|30.762778|Africa/Johannesburg|2|2
3100176|kloof|ZA|-29.783333|30.833333|Africa/Johannesburg|2|2
3100177|pinetown|ZA|-29.816667|30.85|Africa/Johannesburg|2|2
3100179|westville|ZA|-29.8316729|30.9302603|Africa/Johannesburg|2|2
3100434|drummond|ZA|-29.7616536|30.6947551|Africa/Johannesburg|2|2
3100435|new_germany|ZA|-29.8|30.883333|Africa/Johannesburg|2|2
3100436|waterfall|ZA|-29.7367411|30.8326663|Africa/Johannesburg|2|2
3100528|queensburgh|ZA|-29.8793508|30.907304|Africa/Johannesburg|2|2
3100533|reservoir_hills|ZA|37.7949439|-122.2242619|America/Los_Angeles|-7|-8
3100550|other|ZA|-23.613148|31.0908329|Africa/Johannesburg|2|2
3100224|musina|ZA|-22.338056|30.041667|Africa/Johannesburg|2|2
3100225|modimolle|ZA|-24.7|28.406111|Africa/Johannesburg|2|2
3100226|polokwane|ZA|-23.8961708|29.4486263|Africa/Johannesburg|2|2
3100387|phalaborwa|ZA|-23.9424435|31.1409218|Africa/Johannesburg|2|2
3100388|tzaneen|ZA|-23.833333|30.166667|Africa/Johannesburg|2|2
3100389|louis_trichardt|ZA|-23.0462413|29.9046562|Africa/Johannesburg|2|2
3100567|other|ZA|-23.613148|31.0908329|Africa/Johannesburg|2|2
3100600|dendron|ZA|-23.369633|29.3221307|Africa/Johannesburg|2|2
3100677|belabela_warmbad|ZA|-24.883333|28.283333|Africa/Johannesburg|2|2
3100678|giyani|ZA|-23.31|30.706389|Africa/Johannesburg|2|2
3100679|lebowakgomo|ZA|-24.2585456|29.6499162|Africa/Johannesburg|2|2
3100680|lephalale_ellisras|ZA|-23.6664659|27.7448285|Africa/Johannesburg|2|2
3100681|lulekani|ZA|-23.863053|31.0822362|Africa/Johannesburg|2|2
3100682|mankweng|ZA|-23.8793664|29.7199808|Africa/Johannesburg|2|2
3100683|marblehall|ZA|-24.9650576|29.2814687|Africa/Johannesburg|2|2
3100684|modjadji_duiwelskloof|ZA|-23.6230982|30.3464333|Africa/Johannesburg|2|2
3100685|mokopane_potgiestersrus|ZA|-24.1808673|29.0138998|Africa/Johannesburg|2|2
3100686|mutale|ZA|-22.5108293|30.8039474|Africa/Johannesburg|2|2
3100687|nkowankowa|ZA|-23.8904524|30.3003035|Africa/Johannesburg|2|2
3100688|soekmekaar|ZA|-23.495556|29.929167|Africa/Johannesburg|2|2
3100689|thabazimbi|ZA|-24.6|27.4|Africa/Johannesburg|2|2
3100690|thohoyandou|ZA|-22.95|30.483333|Africa/Johannesburg|2|2
3100691|thulamela|ZA|-22.8921825|30.6199895|Africa/Johannesburg|2|2
3100259|highland|ZA|-26.2908455|28.3951326|Africa/Johannesburg|2|2
3100260|wetlands|ZA|-33.9498919|25.3904034|Africa/Johannesburg|2|2
3100304|heartland_cosmos_country|ZA|||||
3100305|middelburg|ZA|-31.506809|25.017521|Africa/Johannesburg|2|2
3100390|ehlanzeni|ZA|-25.3945969|31.2626366|Africa/Johannesburg|2|2
3100391|barberton|ZA|-25.786111|31.053056|Africa/Johannesburg|2|2
3100392|bushbuckridge|ZA|-24.8398416|31.0464101|Africa/Johannesburg|2|2
3100393|hazyview|ZA|-25.033333|31.116667|Africa/Johannesburg|2|2
3100394|malelane|ZA|-25.483333|31.516667|Africa/Johannesburg|2|2
3100395|nelspruit|ZA|-25.4752984|30.9694163|Africa/Johannesburg|2|2
3100396|witrivier|ZA|-25.316667|31.016667|Africa/Johannesburg|2|2
3100397|balfour|ZA|-26.65|28.583333|Africa/Johannesburg|2|2
3100398|bethal|ZA|-26.4578664|29.466654|Africa/Johannesburg|2|2
3100399|delmas|ZA|-26.15|28.683333|Africa/Johannesburg|2|2
3100400|greylingstad|ZA|-26.743319|28.7540675|Africa/Johannesburg|2|2
3100401|kriel|ZA|-26.2551061|29.2633978|Africa/Johannesburg|2|2
3100402|secunda|ZA|-26.516111|29.202778|Africa/Johannesburg|2|2
3100403|standerton|ZA|-26.95|29.25|Africa/Johannesburg|2|2
3100404|witbank|ZA|-25.8727817|29.2553229|Africa/Johannesburg|2|2
3100405|belfast|ZA|-25.683333|30.016667|Africa/Johannesburg|2|2
3100406|dullstroom|ZA|-25.4183833|30.1040715|Africa/Johannesburg|2|2
3100407|lydenburg|ZA|-25.096|30.446|Africa/Johannesburg|2|2
3100408|machadodorp|ZA|-25.666667|30.25|Africa/Johannesburg|2|2
3100409|new_location|ZA|-29.7833333|30.8833333|Africa/Johannesburg|2|2
3100410|sabie|ZA|-25.1|30.783333|Africa/Johannesburg|2|2
3100415|hendrina|ZA|-26.15|29.716667|Africa/Johannesburg|2|2
3100416|ermelo|ZA|-26.533333|29.983333|Africa/Johannesburg|2|2
3100417|piet_retief|ZA|-27|30.8|Africa/Johannesburg|2|2
3100418|volksrust|ZA|-27.366667|29.883333|Africa/Johannesburg|2|2
3100419|wakkerstroom|ZA|-27.35|30.133333|Africa/Johannesburg|2|2
3100605|other|ZA|-23.613148|31.0908329|Africa/Johannesburg|2|2
3100648|breyten|ZA|-26.3|29.983333|Africa/Johannesburg|2|2
3100649|carolina|ZA|-26.067|30.117|Africa/Johannesburg|2|2
3100650|ekangala|ZA|-25.68|28.738|Africa/Johannesburg|2|2
3100651|embalenhle|ZA|-26.5524312|29.0750837|Africa/Johannesburg|2|2
3100652|empuluzi|ZA|-26.3608822|30.8154358|Africa/Johannesburg|2|2
3100653|groblersdal|ZA|-25.167361|29.3986919|Africa/Johannesburg|2|2
3100654|komatipoort|ZA|-25.433333|31.95|Africa/Johannesburg|2|2
3100655|kwangema|ZA|-27.01|30.489|Africa/Johannesburg|2|2
3100656|leslie_lebogang|ZA|||||
3100657|ogies_phola|ZA|-26.0040319|29.0372643|Africa/Johannesburg|2|2
3100658|siyabuswa|ZA|-25.1293584|29.0430833|Africa/Johannesburg|2|2
3100477|hantam_karoo|ZA|-30.6514499|21.98113|Africa/Johannesburg|2|2
3100478|calvinia|ZA|-31.475|19.772778|Africa/Johannesburg|2|2
3100479|fraserburg|ZA|-31.9149495|21.5133587|Africa/Johannesburg|2|2
3100480|sutherland|ZA|-32.393611|20.661389|Africa/Johannesburg|2|2
3100481|upper_karoo|ZA|-29.3281|22.83672|Africa/Johannesburg|2|2
3100482|colesberg|ZA|-30.716667|25.1|Africa/Johannesburg|2|2
3100483|de_aar|ZA|-30.65|24.016667|Africa/Johannesburg|2|2
3100484|victoria_west|ZA|-31.403056|23.120556|Africa/Johannesburg|2|2
3100485|diamond_fields|ZA|||||
3100486|barkly_west|ZA|-28.5367371|24.5197643|Africa/Johannesburg|2|2
3100487|hartswater|ZA|-27.7557025|24.8270745|Africa/Johannesburg|2|2
3100488|jan_kempdorp|ZA|-27.919444|24.836111|Africa/Johannesburg|2|2
3100489|kimberley|ZA|-28.741944|24.771944|Africa/Johannesburg|2|2
3100490|kalahari|ZA|-27.458267|23.427519|Africa/Johannesburg|2|2
3100491|beeshoek|ZA|-28.2378544|23.013113|Africa/Johannesburg|2|2
3100492|kuruman|ZA|-27.4633739|23.4339947|Africa/Johannesburg|2|2
3100493|namakwa|ZA|-30.4218185|19.949686|Africa/Johannesburg|2|2
3100494|alexander_bay|ZA|-28.6123013|16.4906526|Africa/Johannesburg|2|2
3100495|springbok|ZA|-29.666667|17.883333|Africa/Johannesburg|2|2
3100496|green_kalahari|ZA|-28.78367|20.62293|Africa/Johannesburg|2|2
3100497|danielskuil|ZA|-28.2|23.583333|Africa/Johannesburg|2|2
3100498|keimoes|ZA|-28.7|20.966667|Africa/Johannesburg|2|2
3100499|pofadder|ZA|-29.128611|19.394722|Africa/Johannesburg|2|2
3100500|postmasburg|ZA|-28.3279|23.0706|Africa/Johannesburg|2|2
3100501|upington|ZA|-28.4|21.266667|Africa/Johannesburg|2|2
3100602|other|ZA|-23.613148|31.0908329|Africa/Johannesburg|2|2
3100664|carnarvon|ZA|-30.966667|22.133333|Africa/Johannesburg|2|2
3100665|garies|ZA|-30.557778|17.989444|Africa/Johannesburg|2|2
3100666|griekwastad|ZA|-28.85|23.25|Africa/Johannesburg|2|2
3100667|groblershoop|ZA|-28.897222|21.984444|Africa/Johannesburg|2|2
3100668|kathu|ZA|-27.7|23.05|Africa/Johannesburg|2|2
3100669|mier|ZA|-26.333333|20.333333|Africa/Johannesburg|2|2
3100670|pampierstad|ZA|-27.776|24.69|Africa/Johannesburg|2|2
3100671|port_nolloth|ZA|-29.2415382|16.9004472|Africa/Johannesburg|2|2
3100672|prieska|ZA|-29.668333|22.743889|Africa/Johannesburg|2|2
3100673|ritchie|ZA|-29.0049315|24.5895968|Africa/Johannesburg|2|2
3100674|strydenburg|ZA|-29.933333|23.666667|Africa/Johannesburg|2|2
3100675|vanderkloof|ZA|-30|24.733333|Africa/Johannesburg|2|2
3100676|warrenton|ZA|-28.111389|24.849722|Africa/Johannesburg|2|2
3100502|kaunda|ZA|-26.395203|28.1798279|Africa/Johannesburg|2|2
3100503|bloemhof|ZA|-27.65|25.59|Africa/Johannesburg|2|2
3100504|christiana|ZA|-27.92|25.16|Africa/Johannesburg|2|2
3100505|klerksdorp|ZA|-26.866667|26.666667|Africa/Johannesburg|2|2
3100506|orkney|ZA|-26.978889|26.669167|Africa/Johannesburg|2|2
3100507|potchefstroom|ZA|-26.7145297|27.0970475|Africa/Johannesburg|2|2
3100508|stilfontein|ZA|-26.8428169|26.7745188|Africa/Johannesburg|2|2
3100509|ventersdorp|ZA|-26.316667|26.816667|Africa/Johannesburg|2|2
3100510|wolmaransstad|ZA|-27.216667|25.966667|Africa/Johannesburg|2|2
3100511|molema|ZA|-25.7713889|25.5444444|Africa/Johannesburg|2|2
3100512|delareyville|ZA|-26.683333|25.466667|Africa/Johannesburg|2|2
3100513|lichtenburg|ZA|-26.15|26.166667|Africa/Johannesburg|2|2
3100514|mahikeng_mafikeng_|ZA|-25.855978|25.64031|Africa/Johannesburg|2|2
3100515|zeerust|ZA|-25.533333|26.083333|Africa/Johannesburg|2|2
3100516|bojanala|ZA|-25.3823774|27.3616476|Africa/Johannesburg|2|2
3100517|brits|ZA|-25.634444|27.781111|Africa/Johannesburg|2|2
3100518|hartbeespoort|ZA|-25.7477324|27.8871784|Africa/Johannesburg|2|2
3100519|koster|ZA|-25.866667|26.9|Africa/Johannesburg|2|2
3100520|mabopane|ZA|-25.5|28.08|Africa/Johannesburg|2|2
3100521|rustenburg|ZA|-25.6544483|27.255854|Africa/Johannesburg|2|2
3100522|magaliesburg|ZA|-25.9934195|27.5437144|Africa/Johannesburg|2|2
3100523|mompati|ZA|-29.14002|26.2395189|Africa/Johannesburg|2|2
3100524|bray|ZA|-25.4686179|23.7030359|Africa/Johannesburg|2|2
3100525|schweizer_reneke|ZA|-27.183333|25.333333|Africa/Johannesburg|2|2
3100526|stella|ZA|-26.3104491|27.7491807|Africa/Johannesburg|2|2
3100527|vryburg|ZA|-26.9584048|24.7298615|Africa/Johannesburg|2|2
3100603|other|ZA|-23.613148|31.0908329|Africa/Johannesburg|2|2
3100659|mmbatho|ZA|-25.8377623|25.594752|Africa/Johannesburg|2|2
3100660|mogwase|ZA|-25.2133321|26.8910342|Africa/Johannesburg|2|2
3100661|mothibistad|ZA|-27.3821466|23.4704561|Africa/Johannesburg|2|2
3100662|pomfret|ZA|-25.816667|23.533333|Africa/Johannesburg|2|2
3100663|reivilo|ZA|-27.5372362|24.1736608|Africa/Johannesburg|2|2
3100692|fochville|ZA|-26.483333|27.483333|Africa/Johannesburg|2|2
3100693|ottosdal|ZA|-26.8|26|Africa/Johannesburg|2|2
3100005|atlantic_seaboard|ZA|-33.9223605|18.4193793|Africa/Johannesburg|2|2
3100006|cape_town|ZA|-33.9248685|18.4240553|Africa/Johannesburg|2|2
3100007|northern_suburbs|ZA|-33.8816599|18.66068|Africa/Johannesburg|2|2
3100008|southern_suburbs|ZA|-33.9972901|18.4513438|Africa/Johannesburg|2|2
3100009|southern_peninsula|ZA|-32.9179222|18.0177958|Africa/Johannesburg|2|2
3100010|west_coast|ZA|-32.2129777|18.6175626|Africa/Johannesburg|2|2
3100209|helderberg|ZA|-34.0319444|18.8763889|Africa/Johannesburg|2|2
3100240|cape_winelands|ZA|-33.4220698|19.7591675|Africa/Johannesburg|2|2
3100241|eden|ZA|-33.704229|22.047637|Africa/Johannesburg|2|2
3100243|central_karoo|ZA|-32.81462|22.2384017|Africa/Johannesburg|2|2
3100245|overberg|ZA|-34.34747|18.9205099|Africa/Johannesburg|2|2
3100261|cape_flats|ZA|-34.0212861|18.5898125|Africa/Johannesburg|2|2
3100017|camps_bay|ZA|-33.95|18.383333|Africa/Johannesburg|2|2
3100021|green_point_waterfront|ZA|-33.9019884|18.4208278|Africa/Johannesburg|2|2
3100022|hout_bay|ZA|-34.033333|18.35|Africa/Johannesburg|2|2
3100025|seapoint_three_anchor_bay|ZA|||||
3100276|bantry_bay|ZA|-33.9283054|18.3793897|Africa/Johannesburg|2|2
3100277|clifton|ZA|-33.941476|18.3738363|Africa/Johannesburg|2|2
3100278|mouille_point|ZA|-33.900409|18.4031254|Africa/Johannesburg|2|2
3100587|other|ZA|-23.613148|31.0908329|Africa/Johannesburg|2|2
3100279|blue_downs|ZA|-34|18.6975|Africa/Johannesburg|2|2
3100280|delft|ZA|-33.9614433|18.6472527|Africa/Johannesburg|2|2
3100281|elsie_s_river|ZA|-33.935713|18.5835699|Africa/Johannesburg|2|2
3100282|gugulethu|ZA|-26.2212541|28.4644976|Africa/Johannesburg|2|2
3100283|khayelitsha|ZA|-34.040278|18.677778|Africa/Johannesburg|2|2
3100284|mitchell_s_plain|ZA|-34.0485946|18.6056873|Africa/Johannesburg|2|2
3100540|athlone|ZA|-33.96526|18.5017948|Africa/Johannesburg|2|2
3100586|other|ZA|-23.613148|31.0908329|Africa/Johannesburg|2|2
3100029|city_centre|ZA|52.5188538|6.0998824|Europe/Amsterdam|2|1
3100030|devils_peak|ZA|-33.954753|18.439264|Africa/Johannesburg|2|2
3100031|gardens|ZA|-33.933333|18.408333|Africa/Johannesburg|2|2
3100034|tamboerskloof|ZA|-33.929167|18.404167|Africa/Johannesburg|2|2
3100035|vredehoek|ZA|-33.9375|18.425|Africa/Johannesburg|2|2
3100274|woodstock|ZA|-33.930556|18.447222|Africa/Johannesburg|2|2
3100275|de_waterkant|ZA|-33.915278|18.418889|Africa/Johannesburg|2|2
3100285|oranjezicht|ZA|-33.941667|18.413889|Africa/Johannesburg|2|2
3100286|higgovale|ZA|||||
3100287|foreshore|ZA|-33.9221814|18.4409577|Africa/Johannesburg|2|2
3100288|salt_river|ZA|-33.932778|18.4575|Africa/Johannesburg|2|2
3100289|university_estate|ZA|-33.938889|18.451389|Africa/Johannesburg|2|2
3100290|bo_kaap|ZA|-33.9215332|18.4149866|Africa/Johannesburg|2|2
3100536|century_city|ZA|-33.8880429|18.5136667|Africa/Johannesburg|2|2
3100541|other|ZA|-23.613148|31.0908329|Africa/Johannesburg|2|2
3100291|ashton|ZA|-33.834722|20.054722|Africa/Johannesburg|2|2
3100292|ceres|ZA|-33.366667|19.316667|Africa/Johannesburg|2|2
3100293|paarl|ZA|-33.724167|18.955833|Africa/Johannesburg|2|2
3100294|robertson|ZA|-33.8020653|19.8875431|Africa/Johannesburg|2|2
3100295|stellenbosch|ZA|-33.9321045|18.860152|Africa/Johannesburg|2|2
3100296|wellington|ZA|-33.633333|18.983333|Africa/Johannesburg|2|2
3100297|worcester|ZA|-33.645|19.443611|Africa/Johannesburg|2|2
3100585|other|ZA|-23.613148|31.0908329|Africa/Johannesburg|2|2
3100588|franschhoek|ZA|-33.916667|19.133333|Africa/Johannesburg|2|2
3100244|beaufort_west|ZA|-32.35|22.583333|Africa/Johannesburg|2|2
3100263|prince_albert|ZA|-33.225278|22.03|Africa/Johannesburg|2|2
3100298|laingsburg|ZA|-33.1972101|20.8612525|Africa/Johannesburg|2|2
3100531|klein_karoo|ZA|-33.578944|22.1979839|Africa/Johannesburg|2|2
3100584|other|ZA|-23.613148|31.0908329|Africa/Johannesburg|2|2
3100242|mosselbaai|ZA|-34.183333|22.133333|Africa/Johannesburg|2|2
3100255|george|ZA|-33.966667|22.45|Africa/Johannesburg|2|2
3100256|plettenberg_bay|ZA|-34.05|23.366667|Africa/Johannesburg|2|2
3100307|knysna|ZA|-34.0350856|23.0464693|Africa/Johannesburg|2|2
3100308|oudtshoorn|ZA|-33.6007225|22.2026347|Africa/Johannesburg|2|2
3100582|other|ZA|-23.613148|31.0908329|Africa/Johannesburg|2|2
3100210|somerset_west|ZA|-34.083333|18.85|Africa/Johannesburg|2|2
3100211|gordons_bay|ZA|-34.1514673|18.8729732|Africa/Johannesburg|2|2
3100212|strand|ZA|-34.1123197|18.849207|Africa/Johannesburg|2|2
3100583|other|ZA|-23.613148|31.0908329|Africa/Johannesburg|2|2
3100037|bellville|ZA|-33.9|18.633333|Africa/Johannesburg|2|2
3100038|durbanville|ZA|-33.8325|18.6475|Africa/Johannesburg|2|2
3100188|kraaifontein|ZA|-33.844167|18.698611|Africa/Johannesburg|2|2
3100189|brackenfell|ZA|-33.866667|18.683333|Africa/Johannesburg|2|2
3100190|goodwood|ZA|-33.9116724|18.5522531|Africa/Johannesburg|2|2
3100191|kuils_river|ZA|-33.941385|18.7066398|Africa/Johannesburg|2|2
3100204|parow|ZA|-33.9067916|18.5808115|Africa/Johannesburg|2|2
3100309|edgemead|ZA|-33.875556|18.540833|Africa/Johannesburg|2|2
3100310|kensington|ZA|-26.1953614|28.0976369|Africa/Johannesburg|2|2
3100543|other|ZA|-23.613148|31.0908329|Africa/Johannesburg|2|2
3100246|swellendam|ZA|-34.033333|20.433333|Africa/Johannesburg|2|2
3100253|hermanus|ZA|-34.4092004|19.2504436|Africa/Johannesburg|2|2
3100254|cape_agulhas|ZA|-34.4873853|20.0449662|Africa/Johannesburg|2|2
3100312|bredasdorp|ZA|-34.533333|20.041667|Africa/Johannesburg|2|2
3100313|caledon|ZA|-34.2313845|19.425233|Africa/Johannesburg|2|2
3100539|rooi_els|ZA|-34.301389|18.816389|Africa/Johannesburg|2|2
3100545|other|ZA|-23.613148|31.0908329|Africa/Johannesburg|2|2
3100051|fish_hoek|ZA|-34.136|18.43|Africa/Johannesburg|2|2
3100055|muizenberg|ZA|-34.0898847|18.495859|Africa/Johannesburg|2|2
3100056|noordhoek|ZA|-34.0947539|18.3949661|Africa/Johannesburg|2|2
3100057|scarborough|ZA|-34.1969667|18.3738819|Africa/Johannesburg|2|2
3100058|simons_town|ZA|-34.1937654|18.4356653|Africa/Johannesburg|2|2
3100322|glencairn|ZA|-34.1648439|18.4310039|Africa/Johannesburg|2|2
3100323|kalk_bay|ZA|-34.127778|18.448333|Africa/Johannesburg|2|2
3100324|kommetjie|ZA|-34.1403117|18.3291951|Africa/Johannesburg|2|2
3100325|ocean_view|ZA|-34.153333|18.355278|Africa/Johannesburg|2|2
3100546|other|ZA|-23.613148|31.0908329|Africa/Johannesburg|2|2
3100041|claremont|ZA|-33.980556|18.465278|Africa/Johannesburg|2|2
3100042|constantia|ZA|-34.0257608|18.4230789|Africa/Johannesburg|2|2
3100043|diepriver|ZA|-34.0342279|18.4646978|Africa/Johannesburg|2|2
3100044|kenilworth|ZA|-33.9958463|18.4780523|Africa/Johannesburg|2|2
3100047|rondebosch|ZA|-33.963333|18.476389|Africa/Johannesburg|2|2
3100048|tokai|ZA|-34.0625|18.441667|Africa/Johannesburg|2|2
3100049|wynberg|ZA|-34.0084456|18.4661816|Africa/Johannesburg|2|2
3100314|mowbray|ZA|-33.946111|18.476111|Africa/Johannesburg|2|2
3100315|heathfield|ZA|-34.047214|18.4676654|Africa/Johannesburg|2|2
3100316|kenwyn|ZA|-33.9930865|18.495859|Africa/Johannesburg|2|2
3100317|meadowridge|ZA|-34.0327786|18.4500406|Africa/Johannesburg|2|2
3100318|newlands|ZA|-33.979167|18.45|Africa/Johannesburg|2|2
3100319|observatory|ZA|-33.9375585|18.4721169|Africa/Johannesburg|2|2
3100320|plumstead|ZA|-34.022222|18.472222|Africa/Johannesburg|2|2
3100321|retreat|ZA|-34.0613123|18.4721169|Africa/Johannesburg|2|2
3100544|other|ZA|-23.613148|31.0908329|Africa/Johannesburg|2|2
3100589|crawford|ZA|-33.9798291|18.5032788|Africa/Johannesburg|2|2
3100590|lansdowne|ZA|-33.9856703|18.5003109|Africa/Johannesburg|2|2
3100061|blouberg|ZA|-22.9946566|28.8596804|Africa/Johannesburg|2|2
3100062|langebaan|ZA|-33.091667|18.033333|Africa/Johannesburg|2|2
3100063|melkbosstrand|ZA|-33.719294|18.4543113|Africa/Johannesburg|2|2
3100064|milnerton|ZA|-33.866667|18.5|Africa/Johannesburg|2|2
3100208|vanrhynsdorp_north|ZA|-31.616667|18.733333|Africa/Johannesburg|2|2
3100326|cederberg|ZA|-32.3380556|19.1255556|Africa/Johannesburg|2|2
3100327|citrusdal|ZA|-32.5891267|19.0118333|Africa/Johannesburg|2|2
3100328|clanwilliam|ZA|-32.178611|18.891111|Africa/Johannesburg|2|2
3100330|saldanha|ZA|-33.0276981|17.9176312|Africa/Johannesburg|2|2
3100331|velddrif|ZA|-32.783333|18.166667|Africa/Johannesburg|2|2
3100332|vredendal|ZA|-31.664444|18.506111|Africa/Johannesburg|2|2
3100333|west_beach|ZA|-34.9369636|138.5047153|Australia/Adelaide|9.5|10.5
3100529|tableview|ZA|-33.8275375|18.4947987|Africa/Johannesburg|2|2
3100530|parklands|ZA|-33.8133261|18.5003109|Africa/Johannesburg|2|2
3100532|flamingo_vlei|ZA|-33.8348864|18.5003109|Africa/Johannesburg|2|2
3100535|redelinghuys|ZA|-32.478889|18.538056|Africa/Johannesburg|2|2
3100547|other|ZA|-23.613148|31.0908329|Africa/Johannesburg|2|2
