1|connacht|IE|53.8376243|-8.9584481|Europe/Dublin|1|0
203|root|IE|51.9135686|-8.4314688|Europe/Dublin|1|0
2|leinster|IE|53.3271538|-7.5140841|Europe/Dublin|1|0
3|munster|IE|52.2217725|-8.5566638|Europe/Dublin|1|0
4|ulster|IE|54.7616555|-6.9612273|Europe/London|1|0
3300003|galway|IE|53.2705588|-9.0566677|Europe/Dublin|1|0
3300004|mayo|IE|53.934581|-9.3516456|Europe/Dublin|1|0
3300005|sligo|IE|54.2766103|-8.4760888|Europe/Dublin|1|0
3300006|roscommon|IE|53.6275906|-8.1890955|Europe/Dublin|1|0
3300007|leitrim|IE|53.9908|-8.0636|Europe/Dublin|1|0
3300001|dublin|IE|53.3498053|-6.2603097|Europe/Dublin|1|0
3300008|kildare|IE|53.1589342|-6.9095683|Europe/Dublin|1|0
3300009|meath|IE|53.605548|-6.6564169|Europe/Dublin|1|0
3300010|wexford|IE|52.336916|-6.4633381|Europe/Dublin|1|0
3300011|wicklow|IE|52.9808207|-6.044589|Europe/Dublin|1|0
3300012|louth|IE|53.8969758|-6.4670971|Europe/Dublin|1|0
3300013|kilkenny|IE|52.6541454|-7.2447879|Europe/Dublin|1|0
3300014|westmeath|IE|53.5345308|-7.4653217|Europe/Dublin|1|0
3300015|laois|IE|52.994295|-7.3323007|Europe/Dublin|1|0
3300016|offaly|IE|53.2356871|-7.7122229|Europe/Dublin|1|0
3300017|carlow|IE|52.7189747|-6.8503703|Europe/Dublin|1|0
3300018|longford|IE|53.7275564|-7.793109|Europe/Dublin|1|0
3300002|cork|IE|51.8968917|-8.4863157|Europe/Dublin|1|0
3300019|limerick|IE|52.6680204|-8.6304975|Europe/Dublin|1|0
3300020|tipperary|IE|52.4737894|-8.1618514|Europe/Dublin|1|0
3300021|kerry|IE|52.1544607|-9.5668632|Europe/Dublin|1|0
3300022|clare|IE|52.8624528|-9.0471645|Europe/Dublin|1|0
3300023|waterford|IE|52.256667|-7.129167|Europe/Dublin|1|0
3300024|donegal|IE|54.8661152|-7.9954087|Europe/Dublin|1|0
3300025|cavan|IE|53.9906046|-7.3629406|Europe/Dublin|1|0
3300026|monaghan|IE|54.2492046|-6.9683132|Europe/Dublin|1|0
